[20:48:37] [Render thread/INFO] [JMLogger] JourneyMap log initialized.
[20:48:37] [Render thread/INFO] [JourneymapClient] initialize ENTER
[20:48:37] [Render thread/INFO] [ClientAPI] [ClientAPI] built with JourneyMap API 1.9-SNAPSHOT
[20:48:37] [Render thread/INFO] [PluginHelper] Initializing plugins with Client API: journeymap.client.api.impl.ClientAPI
[20:48:37] [Render thread/DEBUG] [JourneymapClient] Loading and Generating Journeymap configs
[20:48:37] [Render thread/WARN] [PropertiesBase] core (Initialized) Bad configField entry during updateFrom(): optionsManagerViewed=null
[20:48:38] [Render thread/INFO] [?] Version: JourneyMap 1.19.2-5.9.8, built with forge 1.19.2-43.2.0
forge: 43.4.0
Environment: os.name, os.arch, java.version, user.country, user.language=null, game language=en_us, locale=en_us
Features: 
	RadarPlayers : singleplayer = true , multiplayer = true
	RadarAnimals : singleplayer = true , multiplayer = true
	RadarMobs : singleplayer = true , multiplayer = true
	RadarVillagers : singleplayer = true , multiplayer = true
	MapTopo : singleplayer = true , multiplayer = true
	MapSurface : singleplayer = true , multiplayer = true
	MapCaves : singleplayer = true , multiplayer = true
	MapBiome : singleplayer = true , multiplayer = true
MiniMapProperties{state=Valid, file=journeymap.minimap.config, configVersion=5.9.8, zoomLevel=1, compassFontScale=1.0, terrainAlpha=100, showEntityNames=true, positionX=0.9, positionY=0.25, effectVertical=false, showPlayerHeading=true, sizePercent=30, playerDisplayScale=1.0, showDayNight=true, showPets=true, preferredMapType=day, showCompass=true, mobDisplay=jm.common.entity_display.dots, systemTimeRealFormat=HH:mm:ss, shape=jm.minimap.shape_circle, showSelf=true, selfDisplayScale=1.0, showGrid=true, reticleOrientation=jm.minimap.orientation.compass, gameTimeRealFormat=HH:mm:ss, effectTranslateX=-76, showWaypoints=true, minimapKeyMovementSpeed=0.001, showAnimals=true, infoSlotAlpha=0.7, effectTranslateY=0, showWaypointLabels=true, moveEffectIcons=true, position=jm.minimap.position_topright, fontScale=1.0, showPlayers=true, waypointIconScale=1.0, frameAlpha=100, effectReversed=false, backgroundAlpha=0.8, enabled=true, showVillagers=true, info2Label=jm.theme.labelsource.gametime, info3Label=jm.theme.labelsource.location, showMobs=true, waypointLabelScale=1.0, showReticle=true, orientation=jm.minimap.orientation.north, info4Label=jm.theme.labelsource.biome, locationFormat=xzyv, playerDisplay=jm.common.entity_display.dots, mobDisplayScale=1.0, showCaves=true, showMobHeading=true, locationFormatVerbose=true, info1Label=jm.theme.labelsource.blank}
MiniMapProperties{state=Valid, file=journeymap.minimap2.config, configVersion=5.9.8, zoomLevel=0, compassFontScale=1.0, terrainAlpha=100, showEntityNames=true, positionX=0.9, positionY=0.25, effectVertical=false, showPlayerHeading=true, sizePercent=30, playerDisplayScale=1.0, showDayNight=true, showPets=true, preferredMapType=day, showCompass=true, mobDisplay=jm.common.entity_display.dots, systemTimeRealFormat=HH:mm:ss, shape=jm.minimap.shape_rectangle, showSelf=true, selfDisplayScale=1.0, showGrid=true, reticleOrientation=jm.minimap.orientation.compass, gameTimeRealFormat=HH:mm:ss, effectTranslateX=0, showWaypoints=true, minimapKeyMovementSpeed=0.001, showAnimals=true, infoSlotAlpha=0.7, effectTranslateY=0, showWaypointLabels=true, moveEffectIcons=true, position=jm.minimap.position_topright, fontScale=1.0, showPlayers=true, waypointIconScale=1.0, frameAlpha=100, effectReversed=false, backgroundAlpha=0.8, enabled=true, showVillagers=true, info2Label=jm.theme.labelsource.gametime, info3Label=jm.theme.labelsource.location, showMobs=true, waypointLabelScale=1.0, showReticle=true, orientation=jm.minimap.orientation.north, info4Label=jm.theme.labelsource.biome, locationFormat=xzyv, playerDisplay=jm.common.entity_display.dots, mobDisplayScale=1.0, showCaves=true, showMobHeading=true, locationFormatVerbose=true, info1Label=jm.theme.labelsource.blank}
FullMapProperties{state=Valid, file=journeymap.fullmap.config, configVersion=5.9.8, zoomLevel=3, showPlayers=true, waypointIconScale=1.0, showEntityNames=true, showPlayerHeading=true, showVillagers=true, showPlayerLoc=true, showKeys=true, playerDisplayScale=1.0, showMobs=true, showPets=true, waypointLabelScale=1.0, preferredMapType=day, mobDisplay=jm.common.entity_display.dots, showSelf=true, locationFormat=xzyv, playerDisplay=jm.common.entity_display.dots, mobDisplayScale=1.0, selfDisplayScale=1.0, showGrid=true, showMouseLoc=true, showWaypoints=true, showCaves=true, showAnimals=true, dragScale=1, showMobHeading=true, showWaypointLabels=true, locationFormatVerbose=true, fontScale=1.0}
WaypointProperties{state=Valid, file=journeymap.waypoint.config, configVersion=5.9.8, autoRemoveDeathpointDistance=2, dateFormat=MM-dd-yyyy, autoRemoveDeathpoints=false, fullscreenDoubleClickToCreate=true, managerDimensionFocus=false, minDistance=4, boldLabel=false, textureSmall=true, showDeathpointlabel=true, beaconEnabled=true, createDeathpoints=true, showName=true, disableStrikeThrough=false, maxDistance=0, autoHideLabel=true, autoRemoveTempWaypoints=2, teleportCommand=/tp {name} {x} {y} {z}, showStaticBeam=true, shaderBeacon=false, timeFormat=HH:mm:ss, showDeviationLabel=false, showDistance=true, showRotatingBeam=true, fontScale=2.0, showTexture=true, managerEnabled=true}
WebMapProperties{state=Valid, file=journeymap.webmap.config, configVersion=5.9.8, port=8080, enabled=false}
CoreProperties{state=Valid, file=journeymap.core.config, configVersion=5.9.8, verboseColorPalette=false, maxPlayersData=32, mapSurfaceAboveCaves=true, dataCachingEnabled=true, optionsManagerViewed=null, announceMod=true, colorPassive=#bbbbbb, mapBlendWater=false, renderDistanceSurfaceMax=0, seedId=false, radarVerticalDistance=16, mapBlendGrass=true, recordCacheStats=false, hideSneakingEntities=true, revealShape=jm.minimap.shape_circle, mapBiome=true, alwaysMapSurface=false, colorVillager=#88e188, mapPlants=false, colorPet=#0077ff, radarLateralDistance=64, mapBathymetry=false, mapCrops=true, maxMobsData=32, mapPlantShadows=false, alwaysMapCaves=false, checkUpdates=true, mapBlendFoliage=true, hideSpectators=false, mappingEnabled=true, colorPlayer=#ffffff, tileHighDisplayQuality=true, cacheVillagersData=2200, logLevel=INFO, maxVillagersData=32, mapWaterBiomeColors=false, maxAnimalsData=32, mapTransparency=true, caveBlackAsClear=false, tileRenderType=1, caveIgnoreGlass=true, mapTopography=true, renderDistanceCaveMax=0, mapAntialiasing=true, colorSelf=#0000ff, cachePlayersData=2000, cacheMobsData=3000, cachePlayerData=1000, splashViewed=5.9.8, colorHostile=#ff0000, cacheAnimalsData=3100, themeName=OceanMonument, mapCaveLighting=true, renderDelay=2, glErrorChecking=false, autoMapPoll=2000}
[20:48:38] [Render thread/DEBUG] [ForgeEventHandlerManager] Handler registered: journeymap.client.event.forge.ForgeKeyEvents
[20:48:38] [Render thread/DEBUG] [ForgeEventHandlerManager] Handler registered: journeymap.client.event.forge.ForgeChatEvents
[20:48:38] [Render thread/DEBUG] [ForgeEventHandlerManager] Handler registered: journeymap.client.event.forge.ForgeHudOverlayEvents
[20:48:38] [Render thread/DEBUG] [ForgeEventHandlerManager] Handler registered: journeymap.client.event.forge.ForgeWorldEvent
[20:48:38] [Render thread/DEBUG] [ForgeEventHandlerManager] Handler registered: journeymap.client.event.forge.ForgeChunkEvents
[20:48:38] [Render thread/DEBUG] [ForgeEventHandlerManager] Handler registered: journeymap.client.event.forge.ForgeClientTickEvent
[20:48:38] [Render thread/DEBUG] [ForgeEventHandlerManager] Handler registered: journeymap.client.event.forge.ForgeRenderLevelLastEvent
[20:48:38] [Render thread/DEBUG] [ForgeEventHandlerManager] Handler registered: journeymap.client.event.forge.ForgeLoggedInEvent
[20:48:38] [Render thread/DEBUG] [ForgeEventHandlerManager] Handler registered: journeymap.client.event.forge.ForgeTextureStitchedEvent
[20:48:38] [Render thread/DEBUG] [ForgeEventHandlerManager] Handler registered: journeymap.client.event.forge.ForgePopupCustomEvents
[20:48:38] [Render thread/DEBUG] [StatTimer] elapsed was slow: 1100.2787
[20:48:38] [Render thread/INFO] [JourneymapClient] initialize EXIT, elapsed count 1 avg 1100.28ms
[20:49:00] [Render thread/INFO] [JourneymapClient] Journeymap PostInit
[20:49:00] [Render thread/DEBUG] [JourneymapClient] postInitialize ENTER
[20:49:00] [Render thread/TRACE] [ThemeLoader] Initializing themes ...
[20:49:00] [Render thread/ERROR] [FileHandler] Couldn't locate icons for flat: D:\Games\prism\instances\Spore+Forge%201.19.2\minecraft\mods\journeymap-1.19.2-5.9.8-forge.jar\assets\journeymap\theme\flat
[20:49:00] [Render thread/INFO] [ThemeLoader] Preloaded theme textures: 0
[20:49:00] [Render thread/INFO] [JourneymapClient] postInitialize EXIT, elapsed count 1 avg 82.43ms
[20:52:30] [Netty Client IO #2/INFO] [ForgeConfig] Loading JourneyMap Forge Configs
[20:53:00] [Render thread/INFO] [JourneymapClient] World UID is set to: ad635e06-e3cf-402f-97d3-fb886a412de3
[20:54:13] [Render thread/INFO] [ChatLog] JourneyMap: Press [J]
[20:54:13] [Render thread/WARN] [PropertiesBase] core (Initialized) Bad configField entry during updateFrom(): optionsManagerViewed=null
[20:54:13] [Render thread/INFO] [ModBlockDelegate] Custom modded block handling enabled for create
[20:54:13] [Render thread/INFO] [WaypointStore] Loaded 2 waypoints from D:\Games\prism\instances\Spore+Forge 1.19.2\minecraft\journeymap\data\mp\Minecraft~Server_ad635e06~e3cf~402f~97d3~fb886a412de3\waypoints
[20:54:13] [Render thread/INFO] [JourneymapClient] Mapping started in D:\Games\prism\instances\Spore+Forge 1.19.2\minecraft\journeymap\data\mp\Minecraft~Server_ad635e06~e3cf~402f~97d3~fb886a412de3\overworld. Memory: 6400MB total, 4285MB free 
[21:00:10] [Render thread/INFO] [JourneymapClient] Mapping halted in D:\Games\prism\instances\Spore+Forge 1.19.2\minecraft\journeymap\data\mp\Minecraft~Server_ad635e06~e3cf~402f~97d3~fb886a412de3\minecraft:overworld
[21:00:10] [Render thread/WARN] [ColorPalette] Existing color palette's resource packs no longer match current loadout.
[21:00:10] [Render thread/INFO] [ColorPalette] WAS: Default, Mod Resources, Programmer Art
NOW: Create Legacy Copper, Default, EvenBetterEnchants_v2_r1.zip, Eyeless Fresh Moves v3.0.1.zip, FreshAnimations_v1.9.2.zip, Fullbright-UB-1.21.zip, HextureBackport-v1.zip, Mod Resources, Programmer Art, tconjeidark.zip
[21:00:15] [Render thread/WARN] [PropertiesBase] core (Initialized) Bad configField entry during updateFrom(): optionsManagerViewed=null
[21:00:15] [Render thread/INFO] [WaypointStore] Loaded 2 waypoints from D:\Games\prism\instances\Spore+Forge 1.19.2\minecraft\journeymap\data\mp\Minecraft~Server_ad635e06~e3cf~402f~97d3~fb886a412de3\waypoints
[21:00:15] [Render thread/INFO] [JourneymapClient] Mapping started in D:\Games\prism\instances\Spore+Forge 1.19.2\minecraft\journeymap\data\mp\Minecraft~Server_ad635e06~e3cf~402f~97d3~fb886a412de3\the_nether. Memory: 6400MB total, 3657MB free 
[21:13:03] [Render thread/INFO] [JourneymapClient] Mapping halted in D:\Games\prism\instances\Spore+Forge 1.19.2\minecraft\journeymap\data\mp\Minecraft~Server_ad635e06~e3cf~402f~97d3~fb886a412de3\minecraft:the_nether
[21:13:03] [Render thread/WARN] [ColorPalette] Existing color palette's resource packs no longer match current loadout.
[21:13:03] [Render thread/INFO] [ColorPalette] WAS: Default, Mod Resources, Programmer Art
NOW: Create Legacy Copper, Default, EvenBetterEnchants_v2_r1.zip, Eyeless Fresh Moves v3.0.1.zip, FreshAnimations_v1.9.2.zip, Fullbright-UB-1.21.zip, HextureBackport-v1.zip, Mod Resources, Programmer Art, tconjeidark.zip
[21:13:08] [Render thread/WARN] [PropertiesBase] core (Initialized) Bad configField entry during updateFrom(): optionsManagerViewed=null
[21:13:08] [Render thread/INFO] [WaypointStore] Loaded 3 waypoints from D:\Games\prism\instances\Spore+Forge 1.19.2\minecraft\journeymap\data\mp\Minecraft~Server_ad635e06~e3cf~402f~97d3~fb886a412de3\waypoints
[21:13:08] [Render thread/INFO] [JourneymapClient] Mapping started in D:\Games\prism\instances\Spore+Forge 1.19.2\minecraft\journeymap\data\mp\Minecraft~Server_ad635e06~e3cf~402f~97d3~fb886a412de3\overworld. Memory: 6400MB total, 3470MB free 
[21:50:04] [Render thread/INFO] [JourneymapClient] Mapping halted in D:\Games\prism\instances\Spore+Forge 1.19.2\minecraft\journeymap\data\mp\Minecraft~Server_ad635e06~e3cf~402f~97d3~fb886a412de3\minecraft:overworld
[21:50:04] [Render thread/WARN] [ColorPalette] Existing color palette's resource packs no longer match current loadout.
[21:50:04] [Render thread/INFO] [ColorPalette] WAS: Default, Mod Resources, Programmer Art
NOW: Create Legacy Copper, Default, EvenBetterEnchants_v2_r1.zip, Eyeless Fresh Moves v3.0.1.zip, FreshAnimations_v1.9.2.zip, Fullbright-UB-1.21.zip, HextureBackport-v1.zip, Mod Resources, Programmer Art, tconjeidark.zip
[21:50:08] [Render thread/WARN] [PropertiesBase] core (Initialized) Bad configField entry during updateFrom(): optionsManagerViewed=null
[21:50:08] [Render thread/INFO] [WaypointStore] Loaded 3 waypoints from D:\Games\prism\instances\Spore+Forge 1.19.2\minecraft\journeymap\data\mp\Minecraft~Server_ad635e06~e3cf~402f~97d3~fb886a412de3\waypoints
[21:50:08] [Render thread/INFO] [JourneymapClient] Mapping started in D:\Games\prism\instances\Spore+Forge 1.19.2\minecraft\journeymap\data\mp\Minecraft~Server_ad635e06~e3cf~402f~97d3~fb886a412de3\the_nether. Memory: 6400MB total, 2743MB free 
[21:50:25] [Render thread/INFO] [JourneymapClient] Mapping halted in D:\Games\prism\instances\Spore+Forge 1.19.2\minecraft\journeymap\data\mp\Minecraft~Server_ad635e06~e3cf~402f~97d3~fb886a412de3\minecraft:the_nether
[21:50:26] [Render thread/WARN] [ColorPalette] Existing color palette's resource packs no longer match current loadout.
[21:50:26] [Render thread/INFO] [ColorPalette] WAS: Default, Mod Resources, Programmer Art
NOW: Create Legacy Copper, Default, EvenBetterEnchants_v2_r1.zip, Eyeless Fresh Moves v3.0.1.zip, FreshAnimations_v1.9.2.zip, Fullbright-UB-1.21.zip, HextureBackport-v1.zip, Mod Resources, Programmer Art, tconjeidark.zip
[21:50:32] [Render thread/INFO] [MappingMonitorTask] World ID has been reset.
[21:50:32] [Render thread/INFO] [JourneymapClient] World UID is set to: null
[21:50:43] [Netty Client IO #3/INFO] [ForgeConfig] Loading JourneyMap Forge Configs
[21:50:57] [Render thread/INFO] [JourneymapClient] World UID is set to: ad635e06-e3cf-402f-97d3-fb886a412de3
[21:52:02] [Render thread/WARN] [PropertiesBase] core (Initialized) Bad configField entry during updateFrom(): optionsManagerViewed=null
[21:52:02] [Render thread/INFO] [WaypointStore] Loaded 3 waypoints from D:\Games\prism\instances\Spore+Forge 1.19.2\minecraft\journeymap\data\mp\Minecraft~Server_ad635e06~e3cf~402f~97d3~fb886a412de3\waypoints
[21:52:02] [Render thread/INFO] [JourneymapClient] Mapping started in D:\Games\prism\instances\Spore+Forge 1.19.2\minecraft\journeymap\data\mp\Minecraft~Server_ad635e06~e3cf~402f~97d3~fb886a412de3\the_nether. Memory: 6400MB total, 3087MB free 
[21:52:09] [Render thread/INFO] [JourneymapClient] Mapping halted in D:\Games\prism\instances\Spore+Forge 1.19.2\minecraft\journeymap\data\mp\Minecraft~Server_ad635e06~e3cf~402f~97d3~fb886a412de3\minecraft:the_nether
[21:52:09] [Render thread/WARN] [ColorPalette] Existing color palette's resource packs no longer match current loadout.
[21:52:09] [Render thread/INFO] [ColorPalette] WAS: Default, Mod Resources, Programmer Art
NOW: Create Legacy Copper, Default, EvenBetterEnchants_v2_r1.zip, Eyeless Fresh Moves v3.0.1.zip, FreshAnimations_v1.9.2.zip, Fullbright-UB-1.21.zip, HextureBackport-v1.zip, Mod Resources, Programmer Art, tconjeidark.zip
[21:52:10] [JM-task-12/WARN] [TaskBatch] TaskBatch thread interrupted: journeymap.client.task.multi.MapPlayerTask$MapPlayerTaskBatch@2a9f102b
[21:52:13] [Render thread/WARN] [PropertiesBase] core (Initialized) Bad configField entry during updateFrom(): optionsManagerViewed=null
[21:52:13] [Render thread/INFO] [WaypointStore] Loaded 3 waypoints from D:\Games\prism\instances\Spore+Forge 1.19.2\minecraft\journeymap\data\mp\Minecraft~Server_ad635e06~e3cf~402f~97d3~fb886a412de3\waypoints
[21:52:13] [Render thread/INFO] [JourneymapClient] Mapping started in D:\Games\prism\instances\Spore+Forge 1.19.2\minecraft\journeymap\data\mp\Minecraft~Server_ad635e06~e3cf~402f~97d3~fb886a412de3\overworld. Memory: 6400MB total, 1314MB free 
[21:52:36] [Render thread/INFO] [JourneymapClient] Mapping halted in D:\Games\prism\instances\Spore+Forge 1.19.2\minecraft\journeymap\data\mp\Minecraft~Server_ad635e06~e3cf~402f~97d3~fb886a412de3\minecraft:overworld
[21:52:36] [Render thread/WARN] [ColorPalette] Existing color palette's resource packs no longer match current loadout.
[21:52:36] [Render thread/INFO] [ColorPalette] WAS: Default, Mod Resources, Programmer Art
NOW: Create Legacy Copper, Default, EvenBetterEnchants_v2_r1.zip, Eyeless Fresh Moves v3.0.1.zip, FreshAnimations_v1.9.2.zip, Fullbright-UB-1.21.zip, HextureBackport-v1.zip, Mod Resources, Programmer Art, tconjeidark.zip
[21:52:46] [Render thread/INFO] [MappingMonitorTask] World ID has been reset.
[21:52:46] [Render thread/INFO] [JourneymapClient] World UID is set to: null
[21:53:27] [Netty Client IO #4/INFO] [ForgeConfig] Loading JourneyMap Forge Configs
[21:53:40] [Render thread/INFO] [JourneymapClient] World UID is set to: ad635e06-e3cf-402f-97d3-fb886a412de3
[21:53:41] [Render thread/WARN] [PropertiesBase] core (Initialized) Bad configField entry during updateFrom(): optionsManagerViewed=null
[21:53:41] [Render thread/INFO] [WaypointStore] Loaded 3 waypoints from D:\Games\prism\instances\Spore+Forge 1.19.2\minecraft\journeymap\data\mp\Minecraft~Server_ad635e06~e3cf~402f~97d3~fb886a412de3\waypoints
[21:53:41] [Render thread/INFO] [JourneymapClient] Mapping started in D:\Games\prism\instances\Spore+Forge 1.19.2\minecraft\journeymap\data\mp\Minecraft~Server_ad635e06~e3cf~402f~97d3~fb886a412de3\overworld. Memory: 6400MB total, 3180MB free 
[22:07:29] [Render thread/WARN] [JMLogger] spore: doesn't have /entity/ in path, so can't look for /entity_icon/
[22:19:01] [Render thread/INFO] [DeathPointHandler] Aternans died at BlockPos{x=-462, y=136, z=711}. Deathpoints enabled: true. Deathpoint created: true
[22:52:14] [Render thread/INFO] [DeathPointHandler] Aternans died at BlockPos{x=-472, y=73, z=702}. Deathpoints enabled: true. Deathpoint created: true
[23:15:21] [Render thread/INFO] [JourneymapClient] Mapping halted in D:\Games\prism\instances\Spore+Forge 1.19.2\minecraft\journeymap\data\mp\Minecraft~Server_ad635e06~e3cf~402f~97d3~fb886a412de3\minecraft:overworld
[23:15:21] [Render thread/WARN] [ColorPalette] Existing color palette's resource packs no longer match current loadout.
[23:15:21] [Render thread/INFO] [ColorPalette] WAS: Default, Mod Resources, Programmer Art
NOW: Create Legacy Copper, Default, EvenBetterEnchants_v2_r1.zip, Eyeless Fresh Moves v3.0.1.zip, FreshAnimations_v1.9.2.zip, Fullbright-UB-1.21.zip, HextureBackport-v1.zip, Mod Resources, Programmer Art, tconjeidark.zip
[23:15:26] [Render thread/INFO] [MappingMonitorTask] World ID has been reset.
[23:15:26] [Render thread/INFO] [JourneymapClient] World UID is set to: null
